<?xml version="1.0" encoding="UTF-8"?>
<!-- Generated by org.testng.reporters.JUnitReportReporter -->
<testsuite hostname="Devaraj-PC" failures="0" tests="1" name="Runner.TestRunner" time="10.639" errors="0" timestamp="2024-08-24T15:27:25 IST" skipped="0">
  <testcase classname="Runner.TestRunner" name="runScenario" time="10.639"/>
</testsuite> <!-- Runner.TestRunner -->
