<?xml version="1.0" encoding="UTF-8"?>
<!-- Generated by org.testng.reporters.JUnitReportReporter -->
<testsuite hostname="Devaraj-PC" failures="0" tests="2" name="Runner.TestRunner" time="22.795" errors="0" timestamp="2024-08-24T18:24:37 IST" skipped="0">
  <testcase classname="Runner.TestRunner" name="runScenario" time="11.086"/>
  <testcase classname="Runner.TestRunner" name="runScenario" time="11.709"/>
</testsuite> <!-- Runner.TestRunner -->
